<?xml version="1.0" encoding="UTF-8"?>
<testsuite xmlns:xsi="http://www.w3.org/2001/XMLSchema-instance" xsi:noNamespaceSchemaLocation="https://maven.apache.org/surefire/maven-surefire-plugin/xsd/surefire-test-report-3.0.xsd" version="3.0" name="com.Shekhar.MyFirstProject.MyFirstProjectApplicationTests" time="7.792" tests="1" errors="0" skipped="0" failures="0">
  <properties>
[...]
</properties>
  <testcase name="contextLoads" classname="com.Shekhar.MyFirstProject.MyFirstProjectApplicationTests" time="2.641">
    <system-out><![CDATA[17:23:04.251 [main] INFO org.springframework.test.context.support.AnnotationConfigContextLoaderUtils -- Could not detect default configuration classes for test class [com.Shekhar.MyFirstProject.MyFirstProjectApplicationTests]: MyFirstProjectApplicationTests does not declare any static, non-private, non-final, nested classes annotated with @Configuration.
17:23:04.784 [main] INFO org.springframework.boot.test.context.SpringBootTestContextBootstrapper -- Found @SpringBootConfiguration com.Shekhar.MyFirstProject.MyFirstProjectApplication for test class com.Shekhar.MyFirstProject.MyFirstProjectApplicationTests
  .   ____          _            __ _ _
 /\\ / ___'_ __ _ _(_)_ __  __ _ \ \ \ \
( ( )\___ | '_ | '_| | '_ \/ _` | \ \ \ \
 \\/  ___)| |_)| | | | | || (_| |  ) ) ) )
  '  |____| .__|_| |_|_| |_\__, | / / / /
 =========|_|==============|___/=/_/_/_/

 :: Spring Boot ::                (v3.3.0)

2024-06-08T17:23:05.944+05:30  INFO 17244 --- [MyFirstProject] [           main] c.S.M.MyFirstProjectApplicationTests     : Starting MyFirstProjectApplicationTests using Java 21.0.3 with PID 17244 (started by SHWETA in E:\SpringBoot\MyFirstProject\MyFirstProject)
2024-06-08T17:23:05.948+05:30  INFO 17244 --- [MyFirstProject] [           main] c.S.M.MyFirstProjectApplicationTests     : No active profile set, falling back to 1 default profile: "default"
2024-06-08T17:23:08.805+05:30  INFO 17244 --- [MyFirstProject] [           main] c.S.M.MyFirstProjectApplicationTests     : Started MyFirstProjectApplicationTests in 3.617 seconds (process running for 6.783)
]]></system-out>
    <system-err><![CDATA[WARNING: A Java agent has been loaded dynamically (C:\Users\SHWETA\.m2\repository\net\bytebuddy\byte-buddy-agent\1.14.16\byte-buddy-agent-1.14.16.jar)
WARNING: If a serviceability tool is in use, please run with -XX:+EnableDynamicAgentLoading to hide this warning
WARNING: If a serviceability tool is not in use, please run with -Djdk.instrument.traceUsage for more information
WARNING: Dynamic loading of agents will be disallowed by default in a future release
]]></system-err>
  </testcase>
</testsuite>